<?xml version="1.0" encoding="UTF-8"?>
<testsuite xmlns:xsi="http://www.w3.org/2001/XMLSchema-instance" xsi:noNamespaceSchemaLocation="https://maven.apache.org/surefire/maven-surefire-plugin/xsd/surefire-test-report.xsd" name="com.wobangkj.AppTest" time="0.027" tests="1" errors="0" skipped="0" failures="0">
  <properties>
    <property name="sun.desktop" value="gnome"/>
    <property name="awt.toolkit" value="sun.awt.X11.XToolkit"/>
    <property name="java.specification.version" value="11"/>
    <property name="sun.cpu.isalist" value=""/>
    <property name="sun.jnu.encoding" value="UTF-8"/>
    <property name="java.class.path" value="/home/cliod/Documents/WorkSpaces/development-util/development-jwt/target/test-classes:/home/cliod/Documents/WorkSpaces/development-util/development-jwt/target/classes:/home/cliod/Documents/WorkSpaces/development-util/development-common/target/development-common-1.2-SNAPSHOT.jar:/home/cliod/Documents/WorkSpaces/development-util/development-base/target/development-base-1.2-SNAPSHOT.jar:/home/cliod/.m2/repository/org/apache/commons/commons-lang3/3.9/commons-lang3-3.9.jar:/home/cliod/.m2/repository/org/apache/commons/commons-collections4/4.4/commons-collections4-4.4.jar:/home/cliod/.m2/repository/org/apache/commons/commons-math3/3.6.1/commons-math3-3.6.1.jar:/home/cliod/Documents/WorkSpaces/development-util/development-json/target/development-json-1.2-SNAPSHOT.jar:/home/cliod/.m2/repository/com/google/code/gson/gson/2.8.6/gson-2.8.6.jar:/home/cliod/.m2/repository/com/fasterxml/jackson/core/jackson-core/2.10.1/jackson-core-2.10.1.jar:/home/cliod/.m2/repository/com/fasterxml/jackson/core/jackson-annotations/2.10.1/jackson-annotations-2.10.1.jar:/home/cliod/.m2/repository/com/fasterxml/jackson/core/jackson-databind/2.10.1/jackson-databind-2.10.1.jar:/home/cliod/.m2/repository/javax/servlet/javax.servlet-api/4.0.1/javax.servlet-api-4.0.1.jar:/home/cliod/.m2/repository/com/alibaba/fastjson/1.2.60/fastjson-1.2.60.jar:/home/cliod/.m2/repository/junit/junit/4.11/junit-4.11.jar:/home/cliod/.m2/repository/org/hamcrest/hamcrest-core/1.3/hamcrest-core-1.3.jar:/home/cliod/.m2/repository/org/projectlombok/lombok/1.18.10/lombok-1.18.10.jar:/home/cliod/.m2/repository/com/auth0/java-jwt/3.8.2/java-jwt-3.8.2.jar:/home/cliod/.m2/repository/commons-codec/commons-codec/1.12/commons-codec-1.12.jar:/home/cliod/.m2/repository/org/jetbrains/annotations/16.0.3/annotations-16.0.3.jar:"/>
    <property name="java.vm.vendor" value="Oracle Corporation"/>
    <property name="sun.arch.data.model" value="64"/>
    <property name="java.vendor.url" value="http://java.oracle.com/"/>
    <property name="user.timezone" value=""/>
    <property name="java.vm.specification.version" value="11"/>
    <property name="os.name" value="Linux"/>
    <property name="sun.java.launcher" value="SUN_STANDARD"/>
    <property name="user.country" value="CN"/>
    <property name="sun.boot.library.path" value="/opt/openjdk-11.0.5/lib"/>
    <property name="sun.java.command" value="/home/cliod/Documents/WorkSpaces/development-util/development-jwt/target/surefire/surefirebooter5619535170549827960.jar /home/cliod/Documents/WorkSpaces/development-util/development-jwt/target/surefire 2019-12-08T14-48-04_482-jvmRun1 surefire4364515604742827354tmp surefire_03662772680177496526tmp"/>
    <property name="jdk.debug" value="release"/>
    <property name="surefire.test.class.path" value="/home/cliod/Documents/WorkSpaces/development-util/development-jwt/target/test-classes:/home/cliod/Documents/WorkSpaces/development-util/development-jwt/target/classes:/home/cliod/Documents/WorkSpaces/development-util/development-common/target/development-common-1.2-SNAPSHOT.jar:/home/cliod/Documents/WorkSpaces/development-util/development-base/target/development-base-1.2-SNAPSHOT.jar:/home/cliod/.m2/repository/org/apache/commons/commons-lang3/3.9/commons-lang3-3.9.jar:/home/cliod/.m2/repository/org/apache/commons/commons-collections4/4.4/commons-collections4-4.4.jar:/home/cliod/.m2/repository/org/apache/commons/commons-math3/3.6.1/commons-math3-3.6.1.jar:/home/cliod/Documents/WorkSpaces/development-util/development-json/target/development-json-1.2-SNAPSHOT.jar:/home/cliod/.m2/repository/com/google/code/gson/gson/2.8.6/gson-2.8.6.jar:/home/cliod/.m2/repository/com/fasterxml/jackson/core/jackson-core/2.10.1/jackson-core-2.10.1.jar:/home/cliod/.m2/repository/com/fasterxml/jackson/core/jackson-annotations/2.10.1/jackson-annotations-2.10.1.jar:/home/cliod/.m2/repository/com/fasterxml/jackson/core/jackson-databind/2.10.1/jackson-databind-2.10.1.jar:/home/cliod/.m2/repository/javax/servlet/javax.servlet-api/4.0.1/javax.servlet-api-4.0.1.jar:/home/cliod/.m2/repository/com/alibaba/fastjson/1.2.60/fastjson-1.2.60.jar:/home/cliod/.m2/repository/junit/junit/4.11/junit-4.11.jar:/home/cliod/.m2/repository/org/hamcrest/hamcrest-core/1.3/hamcrest-core-1.3.jar:/home/cliod/.m2/repository/org/projectlombok/lombok/1.18.10/lombok-1.18.10.jar:/home/cliod/.m2/repository/com/auth0/java-jwt/3.8.2/java-jwt-3.8.2.jar:/home/cliod/.m2/repository/commons-codec/commons-codec/1.12/commons-codec-1.12.jar:/home/cliod/.m2/repository/org/jetbrains/annotations/16.0.3/annotations-16.0.3.jar:"/>
    <property name="sun.cpu.endian" value="little"/>
    <property name="user.home" value="/home/cliod"/>
    <property name="user.language" value="zh"/>
    <property name="java.specification.vendor" value="Oracle Corporation"/>
    <property name="java.version.date" value="2018-09-25"/>
    <property name="java.home" value="/opt/openjdk-11.0.5"/>
    <property name="file.separator" value="/"/>
    <property name="basedir" value="/home/cliod/Documents/WorkSpaces/development-util/development-jwt"/>
    <property name="java.vm.compressedOopsMode" value="Zero based"/>
    <property name="line.separator" value="&#10;"/>
    <property name="java.specification.name" value="Java Platform API Specification"/>
    <property name="java.vm.specification.vendor" value="Oracle Corporation"/>
    <property name="java.awt.graphicsenv" value="sun.awt.X11GraphicsEnvironment"/>
    <property name="surefire.real.class.path" value="/home/cliod/Documents/WorkSpaces/development-util/development-jwt/target/surefire/surefirebooter5619535170549827960.jar"/>
    <property name="sun.management.compiler" value="HotSpot 64-Bit Tiered Compilers"/>
    <property name="java.runtime.version" value="11+28"/>
    <property name="user.name" value="cliod"/>
    <property name="path.separator" value=":"/>
    <property name="os.version" value="4.15.0-30deepin-generic"/>
    <property name="java.runtime.name" value="OpenJDK Runtime Environment"/>
    <property name="file.encoding" value="UTF-8"/>
    <property name="java.vm.name" value="OpenJDK 64-Bit Server VM"/>
    <property name="java.vendor.version" value="18.9"/>
    <property name="localRepository" value="/home/cliod/.m2/repository"/>
    <property name="java.vendor.url.bug" value="http://bugreport.java.com/bugreport/"/>
    <property name="java.io.tmpdir" value="/tmp"/>
    <property name="java.version" value="11"/>
    <property name="user.dir" value="/home/cliod/Documents/WorkSpaces/development-util/development-jwt"/>
    <property name="os.arch" value="amd64"/>
    <property name="java.vm.specification.name" value="Java Virtual Machine Specification"/>
    <property name="java.awt.printerjob" value="sun.print.PSPrinterJob"/>
    <property name="sun.os.patch.level" value="unknown"/>
    <property name="java.library.path" value="/usr/java/packages/lib:/usr/lib64:/lib64:/lib:/usr/lib"/>
    <property name="java.vendor" value="Oracle Corporation"/>
    <property name="java.vm.info" value="mixed mode"/>
    <property name="java.vm.version" value="11+28"/>
    <property name="idea.version2019.3" value="true"/>
    <property name="sun.io.unicode.encoding" value="UnicodeLittle"/>
    <property name="maven.repo.local" value="/home/cliod/.m2/repository"/>
    <property name="java.class.version" value="55.0"/>
  </properties>
  <testcase name="shouldAnswerWithTrue" classname="com.wobangkj.AppTest" time="0.002"/>
</testsuite>